{"/Users/greg/dev/datastructures/src/index.ts": {"path":"/Users/greg/dev/datastructures/src/index.ts","statementMap":{"0":{"start":{"line":1,"column":0},"end":{"line":1,"column":null}},"1":{"start":{"line":11,"column":4},"end":{"line":3,"column":null}},"2":{"start":{"line":5,"column":0},"end":{"line":5,"column":9}},"3":{"start":{"line":12,"column":4},"end":{"line":5,"column":31}},"4":{"start":{"line":6,"column":0},"end":{"line":6,"column":9}},"5":{"start":{"line":13,"column":4},"end":{"line":6,"column":31}},"6":{"start":{"line":7,"column":0},"end":{"line":7,"column":9}},"7":{"start":{"line":14,"column":4},"end":{"line":7,"column":41}}},"fnMap":{"0":{"name":"(anonymous_0)","decl":{"start":{"line":11,"column":4},"end":{"line":11,"column":20}},"loc":{"start":{"line":11,"column":4},"end":{"line":3,"column":null}}},"1":{"name":"(anonymous_1)","decl":{"start":{"line":12,"column":4},"end":{"line":12,"column":9}},"loc":{"start":{"line":12,"column":4},"end":{"line":5,"column":31}}},"2":{"name":"(anonymous_2)","decl":{"start":{"line":13,"column":4},"end":{"line":13,"column":9}},"loc":{"start":{"line":13,"column":4},"end":{"line":6,"column":31}}},"3":{"name":"(anonymous_3)","decl":{"start":{"line":14,"column":4},"end":{"line":14,"column":20}},"loc":{"start":{"line":14,"column":4},"end":{"line":7,"column":41}}}},"branchMap":{},"s":{"0":4,"1":14,"2":4,"3":7,"4":4,"5":7,"6":4,"7":13},"f":{"0":10,"1":3,"2":3,"3":9},"b":{}}
,"/Users/greg/dev/datastructures/src/_shared/capped-structure.ts": {"path":"/Users/greg/dev/datastructures/src/_shared/capped-structure.ts","statementMap":{"0":{"start":{"line":21,"column":4},"end":{"line":32,"column":null}},"1":{"start":{"line":22,"column":23},"end":{"line":22,"column":39}},"2":{"start":{"line":24,"column":8},"end":{"line":31,"column":null}},"3":{"start":{"line":25,"column":12},"end":{"line":25,"column":null}},"4":{"start":{"line":25,"column":47},"end":{"line":25,"column":null}},"5":{"start":{"line":27,"column":12},"end":{"line":28,"column":null}},"6":{"start":{"line":28,"column":16},"end":{"line":28,"column":null}},"7":{"start":{"line":30,"column":12},"end":{"line":30,"column":null}},"8":{"start":{"line":37,"column":4},"end":{"line":37,"column":17}}},"fnMap":{"0":{"name":"guardOverflow","decl":{"start":{"line":20,"column":9},"end":{"line":20,"column":22}},"loc":{"start":{"line":20,"column":60},"end":{"line":33,"column":1}}},"1":{"name":"(anonymous_1)","decl":{"start":{"line":21,"column":11},"end":{"line":21,"column":12}},"loc":{"start":{"line":21,"column":82},"end":{"line":32,"column":5}}},"2":{"name":"(anonymous_2)","decl":{"start":{"line":24,"column":27},"end":{"line":24,"column":59}},"loc":{"start":{"line":24,"column":71},"end":{"line":31,"column":9}}}},"branchMap":{"0":{"loc":{"start":{"line":25,"column":12},"end":{"line":25,"column":null}},"type":"if","locations":[{"start":{"line":25,"column":12},"end":{"line":25,"column":null}},{"start":{"line":25,"column":12},"end":{"line":25,"column":null}}]},"1":{"loc":{"start":{"line":27,"column":12},"end":{"line":28,"column":null}},"type":"if","locations":[{"start":{"line":27,"column":12},"end":{"line":28,"column":null}},{"start":{"line":27,"column":12},"end":{"line":28,"column":null}}]}},"s":{"0":8,"1":8,"2":8,"3":22,"4":20,"5":2,"6":0,"7":2,"8":4},"f":{"0":8,"1":8,"2":22},"b":{"0":[20,2],"1":[0,2]}}
,"/Users/greg/dev/datastructures/src/_shared/index.ts": {"path":"/Users/greg/dev/datastructures/src/_shared/index.ts","statementMap":{"0":{"start":{"line":8,"column":0},"end":{"line":8,"column":null}},"1":{"start":{"line":21,"column":4},"end":{"line":9,"column":null}}},"fnMap":{"0":{"name":"(anonymous_0)","decl":{"start":{"line":21,"column":4},"end":{"line":21,"column":17}},"loc":{"start":{"line":21,"column":4},"end":{"line":9,"column":null}}}},"branchMap":{},"s":{"0":4,"1":12},"f":{"0":8},"b":{}}
,"/Users/greg/dev/datastructures/src/list/doubly-linked-list.ts": {"path":"/Users/greg/dev/datastructures/src/list/doubly-linked-list.ts","statementMap":{"0":{"start":{"line":28,"column":8},"end":{"line":28,"column":null}},"1":{"start":{"line":29,"column":8},"end":{"line":29,"column":null}},"2":{"start":{"line":30,"column":8},"end":{"line":30,"column":null}},"3":{"start":{"line":31,"column":8},"end":{"line":31,"column":null}},"4":{"start":{"line":40,"column":4},"end":{"line":40,"column":null}},"5":{"start":{"line":45,"column":8},"end":{"line":45,"column":null}},"6":{"start":{"line":49,"column":8},"end":{"line":49,"column":null}},"7":{"start":{"line":53,"column":8},"end":{"line":53,"column":null}},"8":{"start":{"line":57,"column":8},"end":{"line":57,"column":null}},"9":{"start":{"line":61,"column":8},"end":{"line":61,"column":null}},"10":{"start":{"line":61,"column":34},"end":{"line":61,"column":null}},"11":{"start":{"line":62,"column":8},"end":{"line":62,"column":null}},"12":{"start":{"line":66,"column":8},"end":{"line":66,"column":null}},"13":{"start":{"line":66,"column":33},"end":{"line":66,"column":null}},"14":{"start":{"line":67,"column":8},"end":{"line":67,"column":null}},"15":{"start":{"line":71,"column":8},"end":{"line":71,"column":null}},"16":{"start":{"line":75,"column":8},"end":{"line":76,"column":null}},"17":{"start":{"line":75,"column":24},"end":{"line":75,"column":33}},"18":{"start":{"line":76,"column":12},"end":{"line":76,"column":null}},"19":{"start":{"line":76,"column":38},"end":{"line":76,"column":null}},"20":{"start":{"line":78,"column":8},"end":{"line":78,"column":null}},"21":{"start":{"line":82,"column":39},"end":{"line":82,"column":41}},"22":{"start":{"line":84,"column":8},"end":{"line":85,"column":null}},"23":{"start":{"line":84,"column":24},"end":{"line":84,"column":33}},"24":{"start":{"line":85,"column":12},"end":{"line":85,"column":null}},"25":{"start":{"line":85,"column":38},"end":{"line":85,"column":null}},"26":{"start":{"line":87,"column":8},"end":{"line":87,"column":null}},"27":{"start":{"line":95,"column":21},"end":{"line":95,"column":73}},"28":{"start":{"line":96,"column":8},"end":{"line":96,"column":null}},"29":{"start":{"line":97,"column":8},"end":{"line":97,"column":null}},"30":{"start":{"line":98,"column":8},"end":{"line":98,"column":null}},"31":{"start":{"line":99,"column":8},"end":{"line":99,"column":null}},"32":{"start":{"line":103,"column":8},"end":{"line":103,"column":null}},"33":{"start":{"line":103,"column":33},"end":{"line":103,"column":null}},"34":{"start":{"line":105,"column":8},"end":{"line":106,"column":null}},"35":{"start":{"line":105,"column":24},"end":{"line":105,"column":null}},"36":{"start":{"line":106,"column":13},"end":{"line":106,"column":null}},"37":{"start":{"line":108,"column":8},"end":{"line":109,"column":null}},"38":{"start":{"line":108,"column":24},"end":{"line":108,"column":null}},"39":{"start":{"line":109,"column":13},"end":{"line":109,"column":null}},"40":{"start":{"line":111,"column":8},"end":{"line":111,"column":null}},"41":{"start":{"line":112,"column":8},"end":{"line":112,"column":null}},"42":{"start":{"line":116,"column":24},"end":{"line":116,"column":49}},"43":{"start":{"line":118,"column":8},"end":{"line":119,"column":null}},"44":{"start":{"line":118,"column":24},"end":{"line":118,"column":33}},"45":{"start":{"line":119,"column":12},"end":{"line":119,"column":null}},"46":{"start":{"line":121,"column":8},"end":{"line":121,"column":null}},"47":{"start":{"line":125,"column":24},"end":{"line":125,"column":49}},"48":{"start":{"line":127,"column":8},"end":{"line":130,"column":null}},"49":{"start":{"line":127,"column":24},"end":{"line":127,"column":33}},"50":{"start":{"line":128,"column":12},"end":{"line":129,"column":null}},"51":{"start":{"line":129,"column":16},"end":{"line":129,"column":null}},"52":{"start":{"line":132,"column":8},"end":{"line":132,"column":null}},"53":{"start":{"line":136,"column":21},"end":{"line":136,"column":33}},"54":{"start":{"line":138,"column":8},"end":{"line":139,"column":null}},"55":{"start":{"line":138,"column":24},"end":{"line":138,"column":33}},"56":{"start":{"line":139,"column":12},"end":{"line":139,"column":null}},"57":{"start":{"line":141,"column":8},"end":{"line":141,"column":null}},"58":{"start":{"line":145,"column":25},"end":{"line":145,"column":27}},"59":{"start":{"line":146,"column":8},"end":{"line":147,"column":null}},"60":{"start":{"line":146,"column":24},"end":{"line":146,"column":33}},"61":{"start":{"line":147,"column":12},"end":{"line":147,"column":null}},"62":{"start":{"line":148,"column":8},"end":{"line":148,"column":null}},"63":{"start":{"line":152,"column":0},"end":{"line":152,"column":null}}},"fnMap":{"0":{"name":"(anonymous_0)","decl":{"start":{"line":22,"column":4},"end":{"line":22,"column":null}},"loc":{"start":{"line":26,"column":25},"end":{"line":32,"column":5}}},"1":{"name":"(anonymous_1)","decl":{"start":{"line":39,"column":0},"end":{"line":39,"column":6}},"loc":{"start":{"line":39,"column":0},"end":{"line":150,"column":1}}},"2":{"name":"(anonymous_2)","decl":{"start":{"line":44,"column":11},"end":{"line":44,"column":15}},"loc":{"start":{"line":44,"column":24},"end":{"line":46,"column":5}}},"3":{"name":"(anonymous_3)","decl":{"start":{"line":48,"column":11},"end":{"line":48,"column":14}},"loc":{"start":{"line":48,"column":14},"end":{"line":50,"column":5}}},"4":{"name":"(anonymous_4)","decl":{"start":{"line":52,"column":11},"end":{"line":52,"column":18}},"loc":{"start":{"line":52,"column":27},"end":{"line":54,"column":5}}},"5":{"name":"(anonymous_5)","decl":{"start":{"line":56,"column":11},"end":{"line":56,"column":16}},"loc":{"start":{"line":56,"column":16},"end":{"line":58,"column":5}}},"6":{"name":"(anonymous_6)","decl":{"start":{"line":60,"column":11},"end":{"line":60,"column":23}},"loc":{"start":{"line":60,"column":52},"end":{"line":63,"column":5}}},"7":{"name":"(anonymous_7)","decl":{"start":{"line":65,"column":11},"end":{"line":65,"column":22}},"loc":{"start":{"line":65,"column":50},"end":{"line":68,"column":5}}},"8":{"name":"(anonymous_8)","decl":{"start":{"line":70,"column":11},"end":{"line":70,"column":14}},"loc":{"start":{"line":70,"column":23},"end":{"line":72,"column":5}}},"9":{"name":"(anonymous_9)","decl":{"start":{"line":74,"column":11},"end":{"line":74,"column":14}},"loc":{"start":{"line":74,"column":23},"end":{"line":79,"column":5}}},"10":{"name":"(anonymous_10)","decl":{"start":{"line":81,"column":11},"end":{"line":81,"column":17}},"loc":{"start":{"line":81,"column":26},"end":{"line":88,"column":5}}},"11":{"name":"(anonymous_11)","decl":{"start":{"line":90,"column":12},"end":{"line":90,"column":23}},"loc":{"start":{"line":93,"column":25},"end":{"line":100,"column":5}}},"12":{"name":"(anonymous_12)","decl":{"start":{"line":102,"column":12},"end":{"line":102,"column":22}},"loc":{"start":{"line":102,"column":40},"end":{"line":113,"column":5}}},"13":{"name":"(anonymous_13)","decl":{"start":{"line":115,"column":11},"end":{"line":115,"column":14}},"loc":{"start":{"line":115,"column":44},"end":{"line":122,"column":5}}},"14":{"name":"(anonymous_14)","decl":{"start":{"line":124,"column":11},"end":{"line":124,"column":17}},"loc":{"start":{"line":124,"column":43},"end":{"line":133,"column":5}}},"15":{"name":"(anonymous_15)","decl":{"start":{"line":135,"column":11},"end":{"line":135,"column":17}},"loc":{"start":{"line":135,"column":65},"end":{"line":142,"column":5}}},"16":{"name":"(anonymous_16)","decl":{"start":{"line":144,"column":11},"end":{"line":144,"column":18}},"loc":{"start":{"line":144,"column":18},"end":{"line":149,"column":5}}}},"branchMap":{"0":{"loc":{"start":{"line":61,"column":8},"end":{"line":61,"column":null}},"type":"if","locations":[{"start":{"line":61,"column":8},"end":{"line":61,"column":null}},{"start":{"line":61,"column":8},"end":{"line":61,"column":null}}]},"1":{"loc":{"start":{"line":66,"column":8},"end":{"line":66,"column":null}},"type":"if","locations":[{"start":{"line":66,"column":8},"end":{"line":66,"column":null}},{"start":{"line":66,"column":8},"end":{"line":66,"column":null}}]},"2":{"loc":{"start":{"line":76,"column":12},"end":{"line":76,"column":null}},"type":"if","locations":[{"start":{"line":76,"column":12},"end":{"line":76,"column":null}},{"start":{"line":76,"column":12},"end":{"line":76,"column":null}}]},"3":{"loc":{"start":{"line":85,"column":12},"end":{"line":85,"column":null}},"type":"if","locations":[{"start":{"line":85,"column":12},"end":{"line":85,"column":null}},{"start":{"line":85,"column":12},"end":{"line":85,"column":null}}]},"4":{"loc":{"start":{"line":96,"column":16},"end":{"line":96,"column":32}},"type":"cond-expr","locations":[{"start":{"line":96,"column":16},"end":{"line":96,"column":32}},{"start":{"line":96,"column":35},"end":{"line":96,"column":51}}]},"5":{"loc":{"start":{"line":97,"column":16},"end":{"line":97,"column":32}},"type":"cond-expr","locations":[{"start":{"line":97,"column":16},"end":{"line":97,"column":32}},{"start":{"line":97,"column":35},"end":{"line":97,"column":51}}]},"6":{"loc":{"start":{"line":103,"column":8},"end":{"line":103,"column":null}},"type":"if","locations":[{"start":{"line":103,"column":8},"end":{"line":103,"column":null}},{"start":{"line":103,"column":8},"end":{"line":103,"column":null}}]},"7":{"loc":{"start":{"line":103,"column":12},"end":{"line":103,"column":17}},"type":"binary-expr","locations":[{"start":{"line":103,"column":12},"end":{"line":103,"column":17}},{"start":{"line":103,"column":21},"end":{"line":103,"column":31}}]},"8":{"loc":{"start":{"line":105,"column":8},"end":{"line":106,"column":null}},"type":"if","locations":[{"start":{"line":105,"column":8},"end":{"line":106,"column":null}},{"start":{"line":105,"column":8},"end":{"line":106,"column":null}}]},"9":{"loc":{"start":{"line":108,"column":8},"end":{"line":109,"column":null}},"type":"if","locations":[{"start":{"line":108,"column":8},"end":{"line":109,"column":null}},{"start":{"line":108,"column":8},"end":{"line":109,"column":null}}]},"10":{"loc":{"start":{"line":128,"column":12},"end":{"line":129,"column":null}},"type":"if","locations":[{"start":{"line":128,"column":12},"end":{"line":129,"column":null}},{"start":{"line":128,"column":12},"end":{"line":129,"column":null}}]}},"s":{"0":36,"1":36,"2":36,"3":36,"4":12,"5":33,"6":3,"7":1,"8":3,"9":1,"10":0,"11":1,"12":1,"13":0,"14":1,"15":2,"16":4,"17":4,"18":19,"19":2,"20":2,"21":3,"22":3,"23":3,"24":18,"25":6,"26":3,"27":36,"28":36,"29":36,"30":36,"31":36,"32":6,"33":2,"34":4,"35":3,"36":1,"37":4,"38":3,"39":1,"40":4,"41":4,"42":1,"43":1,"44":1,"45":3,"46":1,"47":1,"48":1,"49":1,"50":3,"51":1,"52":1,"53":1,"54":1,"55":1,"56":3,"57":1,"58":3,"59":3,"60":3,"61":7,"62":3,"63":4},"f":{"0":36,"1":12,"2":33,"3":3,"4":1,"5":3,"6":1,"7":1,"8":2,"9":4,"10":3,"11":36,"12":6,"13":1,"14":1,"15":1,"16":3},"b":{"0":[0,1],"1":[0,1],"2":[2,17],"3":[6,12],"4":[13,23],"5":[33,3],"6":[2,4],"7":[6,4],"8":[3,1],"9":[3,1],"10":[1,2]}}
,"/Users/greg/dev/datastructures/src/list/index.ts": {"path":"/Users/greg/dev/datastructures/src/list/index.ts","statementMap":{"0":{"start":{"line":1,"column":0},"end":{"line":1,"column":7}},"1":{"start":{"line":124,"column":4},"end":{"line":1,"column":51}}},"fnMap":{},"branchMap":{},"s":{"0":4,"1":4},"f":{},"b":{}}
,"/Users/greg/dev/datastructures/src/queue/index.ts": {"path":"/Users/greg/dev/datastructures/src/queue/index.ts","statementMap":{"0":{"start":{"line":1,"column":0},"end":{"line":1,"column":7}},"1":{"start":{"line":4,"column":4},"end":{"line":1,"column":27}}},"fnMap":{},"branchMap":{},"s":{"0":4,"1":4},"f":{},"b":{}}
,"/Users/greg/dev/datastructures/src/queue/queue.ts": {"path":"/Users/greg/dev/datastructures/src/queue/queue.ts","statementMap":{"0":{"start":{"line":1,"column":0},"end":{"line":1,"column":null}},"1":{"start":{"line":14,"column":8},"end":{"line":14,"column":null}},"2":{"start":{"line":24,"column":11},"end":{"line":24,"column":null}},"3":{"start":{"line":25,"column":11},"end":{"line":25,"column":null}},"4":{"start":{"line":37,"column":8},"end":{"line":37,"column":null}},"5":{"start":{"line":37,"column":38},"end":{"line":37,"column":null}},"6":{"start":{"line":44,"column":8},"end":{"line":44,"column":null}},"7":{"start":{"line":51,"column":8},"end":{"line":51,"column":null}},"8":{"start":{"line":65,"column":21},"end":{"line":65,"column":41}},"9":{"start":{"line":67,"column":8},"end":{"line":67,"column":null}},"10":{"start":{"line":67,"column":26},"end":{"line":67,"column":null}},"11":{"start":{"line":68,"column":8},"end":{"line":68,"column":null}},"12":{"start":{"line":68,"column":24},"end":{"line":68,"column":null}},"13":{"start":{"line":69,"column":8},"end":{"line":69,"column":null}},"14":{"start":{"line":70,"column":8},"end":{"line":70,"column":null}},"15":{"start":{"line":79,"column":8},"end":{"line":79,"column":null}},"16":{"start":{"line":79,"column":26},"end":{"line":79,"column":null}},"17":{"start":{"line":80,"column":8},"end":{"line":80,"column":null}},"18":{"start":{"line":80,"column":31},"end":{"line":80,"column":null}},"19":{"start":{"line":81,"column":22},"end":{"line":81,"column":39}},"20":{"start":{"line":82,"column":8},"end":{"line":82,"column":null}},"21":{"start":{"line":83,"column":8},"end":{"line":83,"column":null}},"22":{"start":{"line":84,"column":8},"end":{"line":84,"column":null}},"23":{"start":{"line":64,"column":4},"end":{"line":71,"column":null}},"24":{"start":{"line":88,"column":0},"end":{"line":88,"column":null}}},"fnMap":{"0":{"name":"(anonymous_2)","decl":{"start":{"line":13,"column":4},"end":{"line":13,"column":16}},"loc":{"start":{"line":13,"column":24},"end":{"line":15,"column":5}}},"1":{"name":"(anonymous_3)","decl":{"start":{"line":36,"column":4},"end":{"line":36,"column":16}},"loc":{"start":{"line":36,"column":33},"end":{"line":38,"column":5}}},"2":{"name":"(anonymous_4)","decl":{"start":{"line":43,"column":11},"end":{"line":43,"column":16}},"loc":{"start":{"line":43,"column":16},"end":{"line":45,"column":5}}},"3":{"name":"(anonymous_5)","decl":{"start":{"line":50,"column":11},"end":{"line":50,"column":15}},"loc":{"start":{"line":50,"column":15},"end":{"line":52,"column":5}}},"4":{"name":"(anonymous_6)","decl":{"start":{"line":64,"column":11},"end":{"line":64,"column":18}},"loc":{"start":{"line":64,"column":27},"end":{"line":71,"column":5}}},"5":{"name":"(anonymous_7)","decl":{"start":{"line":78,"column":11},"end":{"line":78,"column":18}},"loc":{"start":{"line":78,"column":18},"end":{"line":85,"column":5}}}},"branchMap":{"0":{"loc":{"start":{"line":37,"column":8},"end":{"line":37,"column":null}},"type":"if","locations":[{"start":{"line":37,"column":8},"end":{"line":37,"column":null}},{"start":{"line":37,"column":8},"end":{"line":37,"column":null}}]},"1":{"loc":{"start":{"line":37,"column":12},"end":{"line":37,"column":20}},"type":"binary-expr","locations":[{"start":{"line":37,"column":12},"end":{"line":37,"column":20}},{"start":{"line":37,"column":24},"end":{"line":37,"column":36}}]},"2":{"loc":{"start":{"line":67,"column":8},"end":{"line":67,"column":null}},"type":"if","locations":[{"start":{"line":67,"column":8},"end":{"line":67,"column":null}},{"start":{"line":67,"column":8},"end":{"line":67,"column":null}}]},"3":{"loc":{"start":{"line":68,"column":8},"end":{"line":68,"column":null}},"type":"if","locations":[{"start":{"line":68,"column":8},"end":{"line":68,"column":null}},{"start":{"line":68,"column":8},"end":{"line":68,"column":null}}]},"4":{"loc":{"start":{"line":79,"column":8},"end":{"line":79,"column":null}},"type":"if","locations":[{"start":{"line":79,"column":8},"end":{"line":79,"column":null}},{"start":{"line":79,"column":8},"end":{"line":79,"column":null}}]},"5":{"loc":{"start":{"line":80,"column":8},"end":{"line":80,"column":null}},"type":"if","locations":[{"start":{"line":80,"column":8},"end":{"line":80,"column":null}},{"start":{"line":80,"column":8},"end":{"line":80,"column":null}}]}},"s":{"0":4,"1":14,"2":4,"3":4,"4":4,"5":1,"6":16,"7":7,"8":14,"9":14,"10":5,"11":14,"12":9,"13":14,"14":14,"15":10,"16":1,"17":9,"18":3,"19":9,"20":9,"21":9,"22":9,"23":4,"24":4},"f":{"0":14,"1":4,"2":16,"3":7,"4":14,"5":10},"b":{"0":[1,3],"1":[4,1],"2":[5,9],"3":[9,5],"4":[1,9],"5":[3,6]}}
,"/Users/greg/dev/datastructures/src/stack/index.ts": {"path":"/Users/greg/dev/datastructures/src/stack/index.ts","statementMap":{"0":{"start":{"line":1,"column":0},"end":{"line":1,"column":7}},"1":{"start":{"line":4,"column":4},"end":{"line":1,"column":27}}},"fnMap":{},"branchMap":{},"s":{"0":4,"1":4},"f":{},"b":{}}
,"/Users/greg/dev/datastructures/src/stack/stack.ts": {"path":"/Users/greg/dev/datastructures/src/stack/stack.ts","statementMap":{"0":{"start":{"line":1,"column":0},"end":{"line":1,"column":null}},"1":{"start":{"line":11,"column":8},"end":{"line":11,"column":null}},"2":{"start":{"line":12,"column":8},"end":{"line":12,"column":null}},"3":{"start":{"line":22,"column":4},"end":{"line":22,"column":null}},"4":{"start":{"line":23,"column":4},"end":{"line":23,"column":null}},"5":{"start":{"line":33,"column":8},"end":{"line":33,"column":null}},"6":{"start":{"line":33,"column":38},"end":{"line":33,"column":null}},"7":{"start":{"line":47,"column":21},"end":{"line":47,"column":53}},"8":{"start":{"line":48,"column":8},"end":{"line":48,"column":null}},"9":{"start":{"line":49,"column":8},"end":{"line":49,"column":null}},"10":{"start":{"line":59,"column":8},"end":{"line":59,"column":null}},"11":{"start":{"line":59,"column":25},"end":{"line":59,"column":null}},"12":{"start":{"line":60,"column":22},"end":{"line":60,"column":38}},"13":{"start":{"line":61,"column":8},"end":{"line":61,"column":null}},"14":{"start":{"line":62,"column":8},"end":{"line":62,"column":null}},"15":{"start":{"line":63,"column":8},"end":{"line":63,"column":null}},"16":{"start":{"line":46,"column":4},"end":{"line":50,"column":null}},"17":{"start":{"line":67,"column":0},"end":{"line":67,"column":null}}},"fnMap":{"0":{"name":"(anonymous_2)","decl":{"start":{"line":10,"column":4},"end":{"line":10,"column":16}},"loc":{"start":{"line":10,"column":45},"end":{"line":13,"column":5}}},"1":{"name":"(anonymous_3)","decl":{"start":{"line":32,"column":4},"end":{"line":32,"column":16}},"loc":{"start":{"line":32,"column":33},"end":{"line":34,"column":5}}},"2":{"name":"(anonymous_4)","decl":{"start":{"line":46,"column":11},"end":{"line":46,"column":15}},"loc":{"start":{"line":46,"column":24},"end":{"line":50,"column":5}}},"3":{"name":"(anonymous_5)","decl":{"start":{"line":58,"column":11},"end":{"line":58,"column":14}},"loc":{"start":{"line":58,"column":14},"end":{"line":64,"column":5}}}},"branchMap":{"0":{"loc":{"start":{"line":33,"column":8},"end":{"line":33,"column":null}},"type":"if","locations":[{"start":{"line":33,"column":8},"end":{"line":33,"column":null}},{"start":{"line":33,"column":8},"end":{"line":33,"column":null}}]},"1":{"loc":{"start":{"line":33,"column":12},"end":{"line":33,"column":20}},"type":"binary-expr","locations":[{"start":{"line":33,"column":12},"end":{"line":33,"column":20}},{"start":{"line":33,"column":24},"end":{"line":33,"column":36}}]},"2":{"loc":{"start":{"line":59,"column":8},"end":{"line":59,"column":null}},"type":"if","locations":[{"start":{"line":59,"column":8},"end":{"line":59,"column":null}},{"start":{"line":59,"column":8},"end":{"line":59,"column":null}}]}},"s":{"0":4,"1":6,"2":6,"3":3,"4":3,"5":3,"6":1,"7":6,"8":6,"9":6,"10":3,"11":1,"12":2,"13":2,"14":2,"15":2,"16":4,"17":4},"f":{"0":6,"1":3,"2":6,"3":3},"b":{"0":[1,2],"1":[3,1],"2":[1,2]}}
,"/Users/greg/dev/datastructures/src/tree/binary-search-tree.ts": {"path":"/Users/greg/dev/datastructures/src/tree/binary-search-tree.ts","statementMap":{"0":{"start":{"line":1,"column":0},"end":{"line":1,"column":32}},"1":{"start":{"line":14,"column":0},"end":{"line":14,"column":null}},"2":{"start":{"line":15,"column":4},"end":{"line":15,"column":null}},"3":{"start":{"line":16,"column":4},"end":{"line":16,"column":null}},"4":{"start":{"line":17,"column":4},"end":{"line":17,"column":null}},"5":{"start":{"line":18,"column":4},"end":{"line":18,"column":null}},"6":{"start":{"line":211,"column":9},"end":{"line":211,"column":23}},"7":{"start":{"line":27,"column":8},"end":{"line":27,"column":null}},"8":{"start":{"line":31,"column":8},"end":{"line":31,"column":null}},"9":{"start":{"line":35,"column":8},"end":{"line":35,"column":null}},"10":{"start":{"line":39,"column":8},"end":{"line":39,"column":null}},"11":{"start":{"line":46,"column":12},"end":{"line":47,"column":null}},"12":{"start":{"line":47,"column":24},"end":{"line":47,"column":50}},"13":{"start":{"line":49,"column":12},"end":{"line":54,"column":null}},"14":{"start":{"line":56,"column":11},"end":{"line":56,"column":null}},"15":{"start":{"line":59,"column":8},"end":{"line":59,"column":null}},"16":{"start":{"line":59,"column":29},"end":{"line":59,"column":null}},"17":{"start":{"line":63,"column":8},"end":{"line":63,"column":null}},"18":{"start":{"line":67,"column":8},"end":{"line":67,"column":null}},"19":{"start":{"line":70,"column":23},"end":{"line":70,"column":63}},"20":{"start":{"line":71,"column":8},"end":{"line":71,"column":null}},"21":{"start":{"line":72,"column":8},"end":{"line":72,"column":null}},"22":{"start":{"line":73,"column":8},"end":{"line":73,"column":null}},"23":{"start":{"line":77,"column":8},"end":{"line":77,"column":null}},"24":{"start":{"line":81,"column":24},"end":{"line":81,"column":55}},"25":{"start":{"line":83,"column":8},"end":{"line":86,"column":null}},"26":{"start":{"line":84,"column":12},"end":{"line":84,"column":null}},"27":{"start":{"line":85,"column":12},"end":{"line":85,"column":null}},"28":{"start":{"line":88,"column":8},"end":{"line":99,"column":null}},"29":{"start":{"line":88,"column":52},"end":{"line":88,"column":62}},"30":{"start":{"line":89,"column":30},"end":{"line":89,"column":68}},"31":{"start":{"line":91,"column":12},"end":{"line":91,"column":null}},"32":{"start":{"line":91,"column":28},"end":{"line":91,"column":null}},"33":{"start":{"line":93,"column":12},"end":{"line":96,"column":null}},"34":{"start":{"line":94,"column":16},"end":{"line":94,"column":null}},"35":{"start":{"line":95,"column":16},"end":{"line":95,"column":null}},"36":{"start":{"line":98,"column":12},"end":{"line":98,"column":null}},"37":{"start":{"line":101,"column":8},"end":{"line":101,"column":21}},"38":{"start":{"line":105,"column":8},"end":{"line":105,"column":null}},"39":{"start":{"line":109,"column":31},"end":{"line":112,"column":9}},"40":{"start":{"line":110,"column":12},"end":{"line":110,"column":null}},"41":{"start":{"line":111,"column":12},"end":{"line":111,"column":null}},"42":{"start":{"line":113,"column":34},"end":{"line":113,"column":36}},"43":{"start":{"line":114,"column":8},"end":{"line":114,"column":null}},"44":{"start":{"line":122,"column":24},"end":{"line":122,"column":67}},"45":{"start":{"line":123,"column":8},"end":{"line":123,"column":null}},"46":{"start":{"line":123,"column":25},"end":{"line":123,"column":null}},"47":{"start":{"line":125,"column":25},"end":{"line":125,"column":61}},"48":{"start":{"line":126,"column":25},"end":{"line":126,"column":73}},"49":{"start":{"line":126,"column":39},"end":{"line":126,"column":73}},"50":{"start":{"line":128,"column":8},"end":{"line":128,"column":null}},"51":{"start":{"line":129,"column":8},"end":{"line":129,"column":null}},"52":{"start":{"line":136,"column":24},"end":{"line":136,"column":61}},"53":{"start":{"line":137,"column":8},"end":{"line":137,"column":null}},"54":{"start":{"line":137,"column":25},"end":{"line":137,"column":null}},"55":{"start":{"line":139,"column":25},"end":{"line":139,"column":61}},"56":{"start":{"line":140,"column":25},"end":{"line":142,"column":9}},"57":{"start":{"line":141,"column":12},"end":{"line":141,"column":null}},"58":{"start":{"line":141,"column":39},"end":{"line":141,"column":null}},"59":{"start":{"line":144,"column":8},"end":{"line":144,"column":null}},"60":{"start":{"line":145,"column":8},"end":{"line":145,"column":null}},"61":{"start":{"line":153,"column":8},"end":{"line":153,"column":null}},"62":{"start":{"line":153,"column":25},"end":{"line":153,"column":null}},"63":{"start":{"line":155,"column":29},"end":{"line":155,"column":41}},"64":{"start":{"line":156,"column":25},"end":{"line":158,"column":9}},"65":{"start":{"line":157,"column":12},"end":{"line":157,"column":null}},"66":{"start":{"line":159,"column":25},"end":{"line":159,"column":61}},"67":{"start":{"line":161,"column":8},"end":{"line":161,"column":null}},"68":{"start":{"line":162,"column":8},"end":{"line":162,"column":null}},"69":{"start":{"line":166,"column":8},"end":{"line":166,"column":25}},"70":{"start":{"line":166,"column":19},"end":{"line":166,"column":25}},"71":{"start":{"line":168,"column":22},"end":{"line":168,"column":58}},"72":{"start":{"line":169,"column":8},"end":{"line":169,"column":null}},"73":{"start":{"line":171,"column":8},"end":{"line":181,"column":null}},"74":{"start":{"line":173,"column":34},"end":{"line":173,"column":50}},"75":{"start":{"line":174,"column":23},"end":{"line":174,"column":43}},"76":{"start":{"line":175,"column":24},"end":{"line":175,"column":45}},"77":{"start":{"line":176,"column":24},"end":{"line":176,"column":45}},"78":{"start":{"line":178,"column":12},"end":{"line":178,"column":null}},"79":{"start":{"line":178,"column":22},"end":{"line":178,"column":null}},"80":{"start":{"line":179,"column":12},"end":{"line":179,"column":null}},"81":{"start":{"line":179,"column":23},"end":{"line":179,"column":null}},"82":{"start":{"line":180,"column":12},"end":{"line":180,"column":null}},"83":{"start":{"line":189,"column":8},"end":{"line":189,"column":null}},"84":{"start":{"line":189,"column":50},"end":{"line":189,"column":null}},"85":{"start":{"line":190,"column":8},"end":{"line":190,"column":null}},"86":{"start":{"line":190,"column":30},"end":{"line":190,"column":null}},"87":{"start":{"line":191,"column":8},"end":{"line":191,"column":null}},"88":{"start":{"line":191,"column":49},"end":{"line":191,"column":null}},"89":{"start":{"line":192,"column":8},"end":{"line":192,"column":null}},"90":{"start":{"line":192,"column":31},"end":{"line":192,"column":null}},"91":{"start":{"line":193,"column":8},"end":{"line":193,"column":null}},"92":{"start":{"line":193,"column":51},"end":{"line":193,"column":null}},"93":{"start":{"line":197,"column":8},"end":{"line":197,"column":null}},"94":{"start":{"line":201,"column":8},"end":{"line":201,"column":null}},"95":{"start":{"line":205,"column":8},"end":{"line":205,"column":null}},"96":{"start":{"line":209,"column":0},"end":{"line":209,"column":null}}},"fnMap":{"0":{"name":"(anonymous_0)","decl":{"start":{"line":14,"column":0},"end":{"line":14,"column":5}},"loc":{"start":{"line":14,"column":19},"end":{"line":19,"column":1}}},"1":{"name":"(anonymous_1)","decl":{"start":{"line":26,"column":4},"end":{"line":26,"column":16}},"loc":{"start":{"line":26,"column":24},"end":{"line":28,"column":5}}},"2":{"name":"(anonymous_2)","decl":{"start":{"line":30,"column":4},"end":{"line":30,"column":12}},"loc":{"start":{"line":30,"column":30},"end":{"line":32,"column":5}}},"3":{"name":"(anonymous_3)","decl":{"start":{"line":34,"column":4},"end":{"line":34,"column":12}},"loc":{"start":{"line":34,"column":30},"end":{"line":36,"column":5}}},"4":{"name":"(anonymous_4)","decl":{"start":{"line":38,"column":4},"end":{"line":38,"column":12}},"loc":{"start":{"line":38,"column":64},"end":{"line":40,"column":5}}},"5":{"name":"(anonymous_5)","decl":{"start":{"line":58,"column":4},"end":{"line":58,"column":16}},"loc":{"start":{"line":58,"column":52},"end":{"line":60,"column":5}}},"6":{"name":"(anonymous_6)","decl":{"start":{"line":47,"column":8},"end":{"line":47,"column":9}},"loc":{"start":{"line":47,"column":24},"end":{"line":47,"column":50}}},"7":{"name":"(anonymous_7)","decl":{"start":{"line":62,"column":11},"end":{"line":62,"column":15}},"loc":{"start":{"line":62,"column":15},"end":{"line":64,"column":5}}},"8":{"name":"(anonymous_8)","decl":{"start":{"line":66,"column":11},"end":{"line":66,"column":29}},"loc":{"start":{"line":66,"column":65},"end":{"line":74,"column":5}}},"9":{"name":"(anonymous_9)","decl":{"start":{"line":76,"column":11},"end":{"line":76,"column":35}},"loc":{"start":{"line":76,"column":66},"end":{"line":78,"column":5}}},"10":{"name":"(anonymous_10)","decl":{"start":{"line":80,"column":11},"end":{"line":80,"column":17}},"loc":{"start":{"line":80,"column":26},"end":{"line":102,"column":5}}},"11":{"name":"(anonymous_11)","decl":{"start":{"line":104,"column":11},"end":{"line":104,"column":16}},"loc":{"start":{"line":104,"column":16},"end":{"line":106,"column":5}}},"12":{"name":"(anonymous_12)","decl":{"start":{"line":108,"column":11},"end":{"line":108,"column":18}},"loc":{"start":{"line":108,"column":78},"end":{"line":115,"column":5}}},"13":{"name":"(anonymous_13)","decl":{"start":{"line":109,"column":31},"end":{"line":109,"column":32}},"loc":{"start":{"line":109,"column":57},"end":{"line":112,"column":9}}},"14":{"name":"(anonymous_14)","decl":{"start":{"line":117,"column":11},"end":{"line":117,"column":14}},"loc":{"start":{"line":120,"column":47},"end":{"line":130,"column":5}}},"15":{"name":"(anonymous_15)","decl":{"start":{"line":126,"column":25},"end":{"line":126,"column":26}},"loc":{"start":{"line":126,"column":39},"end":{"line":126,"column":73}}},"16":{"name":"(anonymous_16)","decl":{"start":{"line":132,"column":11},"end":{"line":132,"column":17}},"loc":{"start":{"line":134,"column":67},"end":{"line":146,"column":5}}},"17":{"name":"(anonymous_17)","decl":{"start":{"line":140,"column":25},"end":{"line":140,"column":26}},"loc":{"start":{"line":140,"column":38},"end":{"line":142,"column":9}}},"18":{"name":"(anonymous_18)","decl":{"start":{"line":148,"column":11},"end":{"line":148,"column":17}},"loc":{"start":{"line":151,"column":67},"end":{"line":163,"column":5}}},"19":{"name":"(anonymous_19)","decl":{"start":{"line":156,"column":25},"end":{"line":156,"column":26}},"loc":{"start":{"line":156,"column":38},"end":{"line":158,"column":9}}},"20":{"name":"(anonymous_20)","decl":{"start":{"line":165,"column":12},"end":{"line":165,"column":23}},"loc":{"start":{"line":165,"column":84},"end":{"line":182,"column":5}}},"21":{"name":"(anonymous_21)","decl":{"start":{"line":184,"column":12},"end":{"line":184,"column":23}},"loc":{"start":{"line":187,"column":37},"end":{"line":194,"column":5}}},"22":{"name":"(anonymous_22)","decl":{"start":{"line":196,"column":12},"end":{"line":196,"column":28}},"loc":{"start":{"line":196,"column":89},"end":{"line":198,"column":5}}},"23":{"name":"(anonymous_23)","decl":{"start":{"line":200,"column":12},"end":{"line":200,"column":27}},"loc":{"start":{"line":200,"column":88},"end":{"line":202,"column":5}}},"24":{"name":"(anonymous_24)","decl":{"start":{"line":204,"column":12},"end":{"line":204,"column":29}},"loc":{"start":{"line":204,"column":90},"end":{"line":206,"column":5}}}},"branchMap":{"0":{"loc":{"start":{"line":14,"column":5},"end":{"line":14,"column":19}},"type":"binary-expr","locations":[{"start":{"line":14,"column":5},"end":{"line":14,"column":19}},{"start":{"line":14,"column":5},"end":{"line":14,"column":null}}]},"1":{"loc":{"start":{"line":35,"column":34},"end":{"line":35,"column":43}},"type":"cond-expr","locations":[{"start":{"line":35,"column":34},"end":{"line":35,"column":43}},{"start":{"line":35,"column":46},"end":{"line":35,"column":56}}]},"2":{"loc":{"start":{"line":39,"column":27},"end":{"line":39,"column":46}},"type":"cond-expr","locations":[{"start":{"line":39,"column":27},"end":{"line":39,"column":46}},{"start":{"line":39,"column":49},"end":{"line":39,"column":69}}]},"3":{"loc":{"start":{"line":47,"column":32},"end":{"line":47,"column":34}},"type":"cond-expr","locations":[{"start":{"line":47,"column":32},"end":{"line":47,"column":34}},{"start":{"line":47,"column":37},"end":{"line":47,"column":50}}]},"4":{"loc":{"start":{"line":47,"column":45},"end":{"line":47,"column":46}},"type":"cond-expr","locations":[{"start":{"line":47,"column":45},"end":{"line":47,"column":46}},{"start":{"line":47,"column":49},"end":{"line":47,"column":50}}]},"5":{"loc":{"start":{"line":59,"column":8},"end":{"line":59,"column":null}},"type":"if","locations":[{"start":{"line":59,"column":8},"end":{"line":59,"column":null}},{"start":{"line":59,"column":8},"end":{"line":59,"column":null}}]},"6":{"loc":{"start":{"line":83,"column":8},"end":{"line":86,"column":null}},"type":"if","locations":[{"start":{"line":83,"column":8},"end":{"line":86,"column":null}},{"start":{"line":83,"column":8},"end":{"line":86,"column":null}}]},"7":{"loc":{"start":{"line":91,"column":12},"end":{"line":91,"column":null}},"type":"if","locations":[{"start":{"line":91,"column":12},"end":{"line":91,"column":null}},{"start":{"line":91,"column":12},"end":{"line":91,"column":null}}]},"8":{"loc":{"start":{"line":93,"column":12},"end":{"line":96,"column":null}},"type":"if","locations":[{"start":{"line":93,"column":12},"end":{"line":96,"column":null}},{"start":{"line":93,"column":12},"end":{"line":96,"column":null}}]},"9":{"loc":{"start":{"line":108,"column":52},"end":{"line":108,"column":78}},"type":"default-arg","locations":[{"start":{"line":108,"column":52},"end":{"line":108,"column":78}}]},"10":{"loc":{"start":{"line":119,"column":41},"end":{"line":119,"column":67}},"type":"default-arg","locations":[{"start":{"line":119,"column":41},"end":{"line":119,"column":67}}]},"11":{"loc":{"start":{"line":123,"column":8},"end":{"line":123,"column":null}},"type":"if","locations":[{"start":{"line":123,"column":8},"end":{"line":123,"column":null}},{"start":{"line":123,"column":8},"end":{"line":123,"column":null}}]},"12":{"loc":{"start":{"line":134,"column":41},"end":{"line":134,"column":67}},"type":"default-arg","locations":[{"start":{"line":134,"column":41},"end":{"line":134,"column":67}}]},"13":{"loc":{"start":{"line":137,"column":8},"end":{"line":137,"column":null}},"type":"if","locations":[{"start":{"line":137,"column":8},"end":{"line":137,"column":null}},{"start":{"line":137,"column":8},"end":{"line":137,"column":null}}]},"14":{"loc":{"start":{"line":141,"column":12},"end":{"line":141,"column":null}},"type":"if","locations":[{"start":{"line":141,"column":12},"end":{"line":141,"column":null}},{"start":{"line":141,"column":12},"end":{"line":141,"column":null}}]},"15":{"loc":{"start":{"line":151,"column":41},"end":{"line":151,"column":67}},"type":"default-arg","locations":[{"start":{"line":151,"column":41},"end":{"line":151,"column":67}}]},"16":{"loc":{"start":{"line":153,"column":8},"end":{"line":153,"column":null}},"type":"if","locations":[{"start":{"line":153,"column":8},"end":{"line":153,"column":null}},{"start":{"line":153,"column":8},"end":{"line":153,"column":null}}]},"17":{"loc":{"start":{"line":166,"column":8},"end":{"line":166,"column":25}},"type":"if","locations":[{"start":{"line":166,"column":8},"end":{"line":166,"column":25}},{"start":{"line":166,"column":8},"end":{"line":166,"column":25}}]},"18":{"loc":{"start":{"line":178,"column":12},"end":{"line":178,"column":null}},"type":"if","locations":[{"start":{"line":178,"column":12},"end":{"line":178,"column":null}},{"start":{"line":178,"column":12},"end":{"line":178,"column":null}}]},"19":{"loc":{"start":{"line":179,"column":12},"end":{"line":179,"column":null}},"type":"if","locations":[{"start":{"line":179,"column":12},"end":{"line":179,"column":null}},{"start":{"line":179,"column":12},"end":{"line":179,"column":null}}]},"20":{"loc":{"start":{"line":189,"column":8},"end":{"line":189,"column":null}},"type":"if","locations":[{"start":{"line":189,"column":8},"end":{"line":189,"column":null}},{"start":{"line":189,"column":8},"end":{"line":189,"column":null}}]},"21":{"loc":{"start":{"line":190,"column":8},"end":{"line":190,"column":null}},"type":"if","locations":[{"start":{"line":190,"column":8},"end":{"line":190,"column":null}},{"start":{"line":190,"column":8},"end":{"line":190,"column":null}}]},"22":{"loc":{"start":{"line":191,"column":8},"end":{"line":191,"column":null}},"type":"if","locations":[{"start":{"line":191,"column":8},"end":{"line":191,"column":null}},{"start":{"line":191,"column":8},"end":{"line":191,"column":null}}]},"23":{"loc":{"start":{"line":192,"column":8},"end":{"line":192,"column":null}},"type":"if","locations":[{"start":{"line":192,"column":8},"end":{"line":192,"column":null}},{"start":{"line":192,"column":8},"end":{"line":192,"column":null}}]},"24":{"loc":{"start":{"line":193,"column":8},"end":{"line":193,"column":null}},"type":"if","locations":[{"start":{"line":193,"column":8},"end":{"line":193,"column":null}},{"start":{"line":193,"column":8},"end":{"line":193,"column":null}}]}},"s":{"0":4,"1":4,"2":4,"3":4,"4":4,"5":4,"6":4,"7":82,"8":116,"9":163,"10":69,"11":11,"12":107,"13":11,"14":11,"15":11,"16":1,"17":7,"18":1,"19":1,"20":1,"21":1,"22":1,"23":0,"24":82,"25":82,"26":12,"27":12,"28":70,"29":70,"30":117,"31":117,"32":1,"33":116,"34":69,"35":69,"36":47,"37":0,"38":1,"39":16,"40":109,"41":109,"42":16,"43":16,"44":1,"45":1,"46":0,"47":1,"48":1,"49":7,"50":1,"51":1,"52":1,"53":1,"54":0,"55":1,"56":1,"57":7,"58":4,"59":1,"60":1,"61":17,"62":0,"63":17,"64":17,"65":116,"66":17,"67":17,"68":17,"69":1,"70":0,"71":1,"72":1,"73":1,"74":7,"75":7,"76":7,"77":7,"78":7,"79":3,"80":7,"81":3,"82":7,"83":123,"84":102,"85":123,"86":52,"87":123,"88":14,"89":123,"90":53,"91":123,"92":7,"93":15,"94":2,"95":1,"96":4},"f":{"0":4,"1":82,"2":116,"3":163,"4":69,"5":11,"6":107,"7":7,"8":1,"9":0,"10":82,"11":1,"12":16,"13":109,"14":1,"15":7,"16":1,"17":7,"18":17,"19":116,"20":1,"21":123,"22":15,"23":2,"24":1},"b":{"0":[4,4],"1":[78,85],"2":[34,35],"3":[51,56],"4":[55,1],"5":[1,10],"6":[12,70],"7":[1,116],"8":[69,47],"9":[10],"10":[1],"11":[0,1],"12":[1],"13":[0,1],"14":[4,3],"15":[1],"16":[0,17],"17":[0,1],"18":[3,4],"19":[3,4],"20":[102,21],"21":[52,71],"22":[14,109],"23":[53,70],"24":[7,116]}}
,"/Users/greg/dev/datastructures/src/tree/index.ts": {"path":"/Users/greg/dev/datastructures/src/tree/index.ts","statementMap":{"0":{"start":{"line":1,"column":0},"end":{"line":1,"column":7}},"1":{"start":{"line":4,"column":4},"end":{"line":1,"column":51}}},"fnMap":{},"branchMap":{},"s":{"0":4,"1":4},"f":{},"b":{}}
}
