TN:
SF:src/index.ts
FN:11,(anonymous_0)
FN:12,(anonymous_1)
FN:13,(anonymous_2)
FN:14,(anonymous_3)
FNF:4
FNH:4
FNDA:10,(anonymous_0)
FNDA:3,(anonymous_1)
FNDA:3,(anonymous_2)
FNDA:9,(anonymous_3)
DA:1,4
DA:5,4
DA:6,4
DA:7,4
DA:11,14
DA:12,7
DA:13,7
DA:14,13
LF:8
LH:8
BRF:0
BRH:0
end_of_record
TN:
SF:src/_shared/capped-structure.ts
FN:20,guardOverflow
FN:21,(anonymous_1)
FN:24,(anonymous_2)
FNF:3
FNH:3
FNDA:8,guardOverflow
FNDA:8,(anonymous_1)
FNDA:22,(anonymous_2)
DA:21,8
DA:22,8
DA:24,8
DA:25,22
DA:27,2
DA:28,0
DA:30,2
DA:37,4
LF:8
LH:7
BRDA:25,0,0,20
BRDA:25,0,1,2
BRDA:27,1,0,0
BRDA:27,1,1,2
BRF:4
BRH:3
end_of_record
TN:
SF:src/_shared/index.ts
FN:21,(anonymous_0)
FNF:1
FNH:1
FNDA:8,(anonymous_0)
DA:8,4
DA:21,12
LF:2
LH:2
BRF:0
BRH:0
end_of_record
TN:
SF:src/list/doubly-linked-list.ts
FN:22,(anonymous_0)
FN:39,(anonymous_1)
FN:44,(anonymous_2)
FN:48,(anonymous_3)
FN:52,(anonymous_4)
FN:56,(anonymous_5)
FN:60,(anonymous_6)
FN:65,(anonymous_7)
FN:70,(anonymous_8)
FN:74,(anonymous_9)
FN:81,(anonymous_10)
FN:90,(anonymous_11)
FN:102,(anonymous_12)
FN:115,(anonymous_13)
FN:124,(anonymous_14)
FN:135,(anonymous_15)
FN:144,(anonymous_16)
FNF:17
FNH:17
FNDA:36,(anonymous_0)
FNDA:12,(anonymous_1)
FNDA:33,(anonymous_2)
FNDA:3,(anonymous_3)
FNDA:1,(anonymous_4)
FNDA:3,(anonymous_5)
FNDA:1,(anonymous_6)
FNDA:1,(anonymous_7)
FNDA:2,(anonymous_8)
FNDA:4,(anonymous_9)
FNDA:3,(anonymous_10)
FNDA:36,(anonymous_11)
FNDA:6,(anonymous_12)
FNDA:1,(anonymous_13)
FNDA:1,(anonymous_14)
FNDA:1,(anonymous_15)
FNDA:3,(anonymous_16)
DA:28,36
DA:29,36
DA:30,36
DA:31,36
DA:40,12
DA:45,33
DA:49,3
DA:53,1
DA:57,3
DA:61,1
DA:62,1
DA:66,1
DA:67,1
DA:71,2
DA:75,4
DA:76,19
DA:78,2
DA:82,3
DA:84,3
DA:85,18
DA:87,3
DA:95,36
DA:96,36
DA:97,36
DA:98,36
DA:99,36
DA:103,6
DA:105,4
DA:106,1
DA:108,4
DA:109,1
DA:111,4
DA:112,4
DA:116,1
DA:118,1
DA:119,3
DA:121,1
DA:125,1
DA:127,1
DA:128,3
DA:129,1
DA:132,1
DA:136,1
DA:138,1
DA:139,3
DA:141,1
DA:145,3
DA:146,3
DA:147,7
DA:148,3
DA:152,4
LF:51
LH:51
BRDA:61,0,0,0
BRDA:61,0,1,1
BRDA:66,1,0,0
BRDA:66,1,1,1
BRDA:76,2,0,2
BRDA:76,2,1,17
BRDA:85,3,0,6
BRDA:85,3,1,12
BRDA:96,4,0,13
BRDA:96,4,1,23
BRDA:97,5,0,33
BRDA:97,5,1,3
BRDA:103,6,0,2
BRDA:103,6,1,4
BRDA:103,7,0,6
BRDA:103,7,1,4
BRDA:105,8,0,3
BRDA:105,8,1,1
BRDA:108,9,0,3
BRDA:108,9,1,1
BRDA:128,10,0,1
BRDA:128,10,1,2
BRF:22
BRH:20
end_of_record
TN:
SF:src/list/index.ts
FNF:0
FNH:0
DA:1,4
DA:124,4
LF:2
LH:2
BRF:0
BRH:0
end_of_record
TN:
SF:src/queue/index.ts
FNF:0
FNH:0
DA:1,4
DA:4,4
LF:2
LH:2
BRF:0
BRH:0
end_of_record
TN:
SF:src/queue/queue.ts
FN:13,(anonymous_2)
FN:36,(anonymous_3)
FN:43,(anonymous_4)
FN:50,(anonymous_5)
FN:64,(anonymous_6)
FN:78,(anonymous_7)
FNF:6
FNH:6
FNDA:14,(anonymous_2)
FNDA:4,(anonymous_3)
FNDA:16,(anonymous_4)
FNDA:7,(anonymous_5)
FNDA:14,(anonymous_6)
FNDA:10,(anonymous_7)
DA:1,4
DA:14,14
DA:24,4
DA:25,4
DA:37,4
DA:44,16
DA:51,7
DA:64,4
DA:65,14
DA:67,14
DA:68,14
DA:69,14
DA:70,14
DA:79,10
DA:80,9
DA:81,9
DA:82,9
DA:83,9
DA:84,9
DA:88,4
LF:20
LH:20
BRDA:37,0,0,1
BRDA:37,0,1,3
BRDA:37,1,0,4
BRDA:37,1,1,1
BRDA:67,2,0,5
BRDA:67,2,1,9
BRDA:68,3,0,9
BRDA:68,3,1,5
BRDA:79,4,0,1
BRDA:79,4,1,9
BRDA:80,5,0,3
BRDA:80,5,1,6
BRF:12
BRH:12
end_of_record
TN:
SF:src/stack/index.ts
FNF:0
FNH:0
DA:1,4
DA:4,4
LF:2
LH:2
BRF:0
BRH:0
end_of_record
TN:
SF:src/stack/stack.ts
FN:10,(anonymous_2)
FN:32,(anonymous_3)
FN:46,(anonymous_4)
FN:58,(anonymous_5)
FNF:4
FNH:4
FNDA:6,(anonymous_2)
FNDA:3,(anonymous_3)
FNDA:6,(anonymous_4)
FNDA:3,(anonymous_5)
DA:1,4
DA:11,6
DA:12,6
DA:22,3
DA:23,3
DA:33,3
DA:46,4
DA:47,6
DA:48,6
DA:49,6
DA:59,3
DA:60,2
DA:61,2
DA:62,2
DA:63,2
DA:67,4
LF:16
LH:16
BRDA:33,0,0,1
BRDA:33,0,1,2
BRDA:33,1,0,3
BRDA:33,1,1,1
BRDA:59,2,0,1
BRDA:59,2,1,2
BRF:6
BRH:6
end_of_record
TN:
SF:src/tree/binary-search-tree.ts
FN:14,(anonymous_0)
FN:26,(anonymous_1)
FN:30,(anonymous_2)
FN:34,(anonymous_3)
FN:38,(anonymous_4)
FN:58,(anonymous_5)
FN:47,(anonymous_6)
FN:62,(anonymous_7)
FN:66,(anonymous_8)
FN:76,(anonymous_9)
FN:80,(anonymous_10)
FN:104,(anonymous_11)
FN:108,(anonymous_12)
FN:109,(anonymous_13)
FN:117,(anonymous_14)
FN:126,(anonymous_15)
FN:132,(anonymous_16)
FN:140,(anonymous_17)
FN:148,(anonymous_18)
FN:156,(anonymous_19)
FN:165,(anonymous_20)
FN:184,(anonymous_21)
FN:196,(anonymous_22)
FN:200,(anonymous_23)
FN:204,(anonymous_24)
FNF:25
FNH:24
FNDA:4,(anonymous_0)
FNDA:82,(anonymous_1)
FNDA:116,(anonymous_2)
FNDA:163,(anonymous_3)
FNDA:69,(anonymous_4)
FNDA:11,(anonymous_5)
FNDA:107,(anonymous_6)
FNDA:7,(anonymous_7)
FNDA:1,(anonymous_8)
FNDA:0,(anonymous_9)
FNDA:82,(anonymous_10)
FNDA:1,(anonymous_11)
FNDA:16,(anonymous_12)
FNDA:109,(anonymous_13)
FNDA:1,(anonymous_14)
FNDA:7,(anonymous_15)
FNDA:1,(anonymous_16)
FNDA:7,(anonymous_17)
FNDA:17,(anonymous_18)
FNDA:116,(anonymous_19)
FNDA:1,(anonymous_20)
FNDA:123,(anonymous_21)
FNDA:15,(anonymous_22)
FNDA:2,(anonymous_23)
FNDA:1,(anonymous_24)
DA:1,4
DA:14,4
DA:15,4
DA:16,4
DA:17,4
DA:18,4
DA:27,82
DA:31,116
DA:35,163
DA:39,69
DA:46,11
DA:47,107
DA:49,11
DA:56,11
DA:59,11
DA:63,7
DA:67,1
DA:70,1
DA:71,1
DA:72,1
DA:73,1
DA:77,0
DA:81,82
DA:83,82
DA:84,12
DA:85,12
DA:88,70
DA:89,117
DA:91,117
DA:93,116
DA:94,69
DA:95,69
DA:98,47
DA:101,0
DA:105,1
DA:109,16
DA:110,109
DA:111,109
DA:113,16
DA:114,16
DA:122,1
DA:123,1
DA:125,1
DA:126,7
DA:128,1
DA:129,1
DA:136,1
DA:137,1
DA:139,1
DA:140,1
DA:141,7
DA:144,1
DA:145,1
DA:153,17
DA:155,17
DA:156,17
DA:157,116
DA:159,17
DA:161,17
DA:162,17
DA:166,1
DA:168,1
DA:169,1
DA:171,1
DA:173,7
DA:174,7
DA:175,7
DA:176,7
DA:178,7
DA:179,7
DA:180,7
DA:189,123
DA:190,123
DA:191,123
DA:192,123
DA:193,123
DA:197,15
DA:201,2
DA:205,1
DA:209,4
DA:211,4
LF:81
LH:79
BRDA:14,0,0,4
BRDA:14,0,1,4
BRDA:35,1,0,78
BRDA:35,1,1,85
BRDA:39,2,0,34
BRDA:39,2,1,35
BRDA:47,3,0,51
BRDA:47,3,1,56
BRDA:47,4,0,55
BRDA:47,4,1,1
BRDA:59,5,0,1
BRDA:59,5,1,10
BRDA:83,6,0,12
BRDA:83,6,1,70
BRDA:91,7,0,1
BRDA:91,7,1,116
BRDA:93,8,0,69
BRDA:93,8,1,47
BRDA:108,9,0,10
BRDA:119,10,0,1
BRDA:123,11,0,0
BRDA:123,11,1,1
BRDA:134,12,0,1
BRDA:137,13,0,0
BRDA:137,13,1,1
BRDA:141,14,0,4
BRDA:141,14,1,3
BRDA:151,15,0,1
BRDA:153,16,0,0
BRDA:153,16,1,17
BRDA:166,17,0,0
BRDA:166,17,1,1
BRDA:178,18,0,3
BRDA:178,18,1,4
BRDA:179,19,0,3
BRDA:179,19,1,4
BRDA:189,20,0,102
BRDA:189,20,1,21
BRDA:190,21,0,52
BRDA:190,21,1,71
BRDA:191,22,0,14
BRDA:191,22,1,109
BRDA:192,23,0,53
BRDA:192,23,1,70
BRDA:193,24,0,7
BRDA:193,24,1,116
BRF:46
BRH:42
end_of_record
TN:
SF:src/tree/index.ts
FNF:0
FNH:0
DA:1,4
DA:4,4
LF:2
LH:2
BRF:0
BRH:0
end_of_record
